# JRE version: Java(TM) SE Runtime Environment (8.0_20-b26) (build 1.8.0_20-b26)
# Java VM: Java HotSpot(TM) 64-Bit Server VM (25.20-b23 mixed mode windows-amd64 compressed oops)
Heap:
 PSYoungGen      total 108544K, used 74843K [0x00000000f7b00000, 0x00000000ffb80000, 0x0000000100000000)
  eden space 87552K, 80% used [0x00000000f7b00000,0x00000000fbf8a270,0x00000000fd080000)
  from space 20992K, 22% used [0x00000000fe700000,0x00000000feb8cc18,0x00000000ffb80000)
  to   space 22016K, 0% used [0x00000000fd080000,0x00000000fd080000,0x00000000fe600000)
 ParOldGen       total 140288K, used 43188K [0x00000000e7000000, 0x00000000ef900000, 0x00000000f7b00000)
  object space 140288K, 30% used [0x00000000e7000000,0x00000000e9a2d018,0x00000000ef900000)
 Metaspace       used 40072K, capacity 40325K, committed 40832K, reserved 1085440K
  class space    used 5044K, capacity 5122K, committed 5248K, reserved 1048576K
GC Heap History (10 events):
Event: 11.565 GC heap before
{Heap before GC invocations=20 (full 2):
 PSYoungGen      total 108032K, used 81374K [0x00000000f7b00000, 0x0000000100000000, 0x0000000100000000)
  eden space 79872K, 100% used [0x00000000f7b00000,0x00000000fc900000,0x00000000fc900000)
  from space 28160K, 5% used [0x00000000fc900000,0x00000000fca77ac0,0x00000000fe480000)
  to   space 27648K, 0% used [0x00000000fe500000,0x00000000fe500000,0x0000000100000000)
 ParOldGen       total 140288K, used 43164K [0x00000000e7000000, 0x00000000ef900000, 0x00000000f7b00000)
  object space 140288K, 30% used [0x00000000e7000000,0x00000000e9a27018,0x00000000ef900000)
 Metaspace       used 35640K, capacity 35847K, committed 36224K, reserved 1081344K
  class space    used 4644K, capacity 4701K, committed 4736K, reserved 1048576K
Event: 11.567 GC heap after
Heap after GC invocations=20 (full 2):
 PSYoungGen      total 106496K, used 1677K [0x00000000f7b00000, 0x00000000ffe80000, 0x0000000100000000)
  eden space 80384K, 0% used [0x00000000f7b00000,0x00000000f7b00000,0x00000000fc980000)
  from space 26112K, 6% used [0x00000000fe500000,0x00000000fe6a36f0,0x00000000ffe80000)
  to   space 27136K, 0% used [0x00000000fc980000,0x00000000fc980000,0x00000000fe400000)
 ParOldGen       total 140288K, used 43164K [0x00000000e7000000, 0x00000000ef900000, 0x00000000f7b00000)
  object space 140288K, 30% used [0x00000000e7000000,0x00000000e9a27018,0x00000000ef900000)
 Metaspace       used 35640K, capacity 35847K, committed 36224K, reserved 1081344K
  class space    used 4644K, capacity 4701K, committed 4736K, reserved 1048576K
}
Event: 15.307 GC heap before
{Heap before GC invocations=21 (full 2):
 PSYoungGen      total 106496K, used 82061K [0x00000000f7b00000, 0x00000000ffe80000, 0x0000000100000000)
  eden space 80384K, 100% used [0x00000000f7b00000,0x00000000fc980000,0x00000000fc980000)
  from space 26112K, 6% used [0x00000000fe500000,0x00000000fe6a36f0,0x00000000ffe80000)
  to   space 27136K, 0% used [0x00000000fc980000,0x00000000fc980000,0x00000000fe400000)
 ParOldGen       total 140288K, used 43164K [0x00000000e7000000, 0x00000000ef900000, 0x00000000f7b00000)
  object space 140288K, 30% used [0x00000000e7000000,0x00000000e9a27018,0x00000000ef900000)
 Metaspace       used 36251K, capacity 36493K, committed 36864K, reserved 1081344K
  class space    used 4705K, capacity 4766K, committed 4864K, reserved 1048576K
Event: 15.318 GC heap after
Heap after GC invocations=21 (full 2):
 PSYoungGen      total 107520K, used 1484K [0x00000000f7b00000, 0x00000000fff00000, 0x0000000100000000)
  eden space 80384K, 0% used [0x00000000f7b00000,0x00000000f7b00000,0x00000000fc980000)
  from space 27136K, 5% used [0x00000000fc980000,0x00000000fcaf3210,0x00000000fe400000)
  to   space 26112K, 0% used [0x00000000fe580000,0x00000000fe580000,0x00000000fff00000)
 ParOldGen       total 140288K, used 43164K [0x00000000e7000000, 0x00000000ef900000, 0x00000000f7b00000)
  object space 140288K, 30% used [0x00000000e7000000,0x00000000e9a27018,0x00000000ef900000)
 Metaspace       used 36251K, capacity 36493K, committed 36864K, reserved 1081344K
  class space    used 4705K, capacity 4766K, committed 4864K, reserved 1048576K
}
Event: 15.799 GC heap before
{Heap before GC invocations=22 (full 2):
 PSYoungGen      total 107520K, used 81868K [0x00000000f7b00000, 0x00000000fff00000, 0x0000000100000000)
  eden space 80384K, 100% used [0x00000000f7b00000,0x00000000fc980000,0x00000000fc980000)
  from space 27136K, 5% used [0x00000000fc980000,0x00000000fcaf3210,0x00000000fe400000)
  to   space 26112K, 0% used [0x00000000fe580000,0x00000000fe580000,0x00000000fff00000)
 ParOldGen       total 140288K, used 43164K [0x00000000e7000000, 0x00000000ef900000, 0x00000000f7b00000)
  object space 140288K, 30% used [0x00000000e7000000,0x00000000e9a27018,0x00000000ef900000)
 Metaspace       used 36813K, capacity 37069K, committed 37376K, reserved 1081344K
  class space    used 4774K, capacity 4830K, committed 4864K, reserved 1048576K
Event: 15.801 GC heap after
Heap after GC invocations=22 (full 2):
 PSYoungGen      total 107008K, used 2896K [0x00000000f7b00000, 0x00000000ffd00000, 0x0000000100000000)
  eden space 82944K, 0% used [0x00000000f7b00000,0x00000000f7b00000,0x00000000fcc00000)
  from space 24064K, 12% used [0x00000000fe580000,0x00000000fe854388,0x00000000ffd00000)
  to   space 25088K, 0% used [0x00000000fcc00000,0x00000000fcc00000,0x00000000fe480000)
 ParOldGen       total 140288K, used 43172K [0x00000000e7000000, 0x00000000ef900000, 0x00000000f7b00000)
  object space 140288K, 30% used [0x00000000e7000000,0x00000000e9a29018,0x00000000ef900000)
 Metaspace       used 36813K, capacity 37069K, committed 37376K, reserved 1081344K
  class space    used 4774K, capacity 4830K, committed 4864K, reserved 1048576K
}
Event: 18.026 GC heap before
{Heap before GC invocations=23 (full 2):
 PSYoungGen      total 107008K, used 85840K [0x00000000f7b00000, 0x00000000ffd00000, 0x0000000100000000)
  eden space 82944K, 100% used [0x00000000f7b00000,0x00000000fcc00000,0x00000000fcc00000)
  from space 24064K, 12% used [0x00000000fe580000,0x00000000fe854388,0x00000000ffd00000)
  to   space 25088K, 0% used [0x00000000fcc00000,0x00000000fcc00000,0x00000000fe480000)
 ParOldGen       total 140288K, used 43172K [0x00000000e7000000, 0x00000000ef900000, 0x00000000f7b00000)
  object space 140288K, 30% used [0x00000000e7000000,0x00000000e9a29018,0x00000000ef900000)
 Metaspace       used 38953K, capacity 39257K, committed 39680K, reserved 1083392K
  class space    used 5009K, capacity 5088K, committed 5120K, reserved 1048576K
Event: 18.030 GC heap after
Heap after GC invocations=23 (full 2):
 PSYoungGen      total 108032K, used 6773K [0x00000000f7b00000, 0x00000000ffe00000, 0x0000000100000000)
  eden space 82944K, 0% used [0x00000000f7b00000,0x00000000f7b00000,0x00000000fcc00000)
  from space 25088K, 26% used [0x00000000fcc00000,0x00000000fd29d6e0,0x00000000fe480000)
  to   space 23552K, 0% used [0x00000000fe700000,0x00000000fe700000,0x00000000ffe00000)
 ParOldGen       total 140288K, used 43180K [0x00000000e7000000, 0x00000000ef900000, 0x00000000f7b00000)
  object space 140288K, 30% used [0x00000000e7000000,0x00000000e9a2b018,0x00000000ef900000)
 Metaspace       used 38953K, capacity 39257K, committed 39680K, reserved 1083392K
  class space    used 5009K, capacity 5088K, committed 5120K, reserved 1048576K
}
Event: 22.082 GC heap before
{Heap before GC invocations=24 (full 2):
 PSYoungGen      total 108032K, used 89717K [0x00000000f7b00000, 0x00000000ffe00000, 0x0000000100000000)
  eden space 82944K, 100% used [0x00000000f7b00000,0x00000000fcc00000,0x00000000fcc00000)
  from space 25088K, 26% used [0x00000000fcc00000,0x00000000fd29d6e0,0x00000000fe480000)
  to   space 23552K, 0% used [0x00000000fe700000,0x00000000fe700000,0x00000000ffe00000)
 ParOldGen       total 140288K, used 43180K [0x00000000e7000000, 0x00000000ef900000, 0x00000000f7b00000)
  object space 140288K, 30% used [0x00000000e7000000,0x00000000e9a2b018,0x00000000ef900000)
 Metaspace       used 39706K, capacity 40005K, committed 40320K, reserved 1085440K
  class space    used 5044K, capacity 5122K, committed 5248K, reserved 1048576K
Event: 22.086 GC heap after
Heap after GC invocations=24 (full 2):
 PSYoungGen      total 108544K, used 4659K [0x00000000f7b00000, 0x00000000ffb80000, 0x0000000100000000)
  eden space 87552K, 0% used [0x00000000f7b00000,0x00000000f7b00000,0x00000000fd080000)
  from space 20992K, 22% used [0x00000000fe700000,0x00000000feb8cc18,0x00000000ffb80000)
  to   space 22016K, 0% used [0x00000000fd080000,0x00000000fd080000,0x00000000fe600000)
 ParOldGen       total 140288K, used 43188K [0x00000000e7000000, 0x00000000ef900000, 0x00000000f7b00000)
  object space 140288K, 30% used [0x00000000e7000000,0x00000000e9a2d018,0x00000000ef900000)
 Metaspace       used 39706K, capacity 40005K, committed 40320K, reserved 1085440K
  class space    used 5044K, capacity 5122K, committed 5248K, reserved 1048576K
}

